#
# A fatal error has been detected by the Java Runtime Environment:
#
#  EXCEPTION_ACCESS_VIOLATION (0xc0000005) at pc=0x0000000002bec33b, pid=4932, tid=0x00000000000004fc
#
# JRE version: Java(TM) SE Runtime Environment (8.0_121-b13) (build 1.8.0_121-b13)
# Java VM: Java HotSpot(TM) 64-Bit Server VM (25.121-b13 mixed mode windows-amd64 compressed oops)
# Problematic frame:
# J 3467 C2 ImageUtils$.matToString(Lorg/bytedeco/javacpp/opencv_core$Mat;)Lscala/collection/immutable/List; (217 bytes) @ 0x0000000002bec33b [0x0000000002beb1e0+0x115b]
#
# Failed to write core dump. Minidumps are not enabled by default on client versions of Windows
#
# If you would like to submit a bug report, please visit:
#   http://bugreport.java.com/bugreport/crash.jsp
#

---------------  T H R E A D  ---------------

Current thread (0x0000000026bdb800):  JavaThread "Executor task launch worker-1" daemon [_thread_in_Java, id=1276, stack(0x0000000029b50000,0x0000000029c50000)]

siginfo: ExceptionCode=0xc0000005, reading address 0x00000000272caf7c

Registers:
RAX=0x0000000000000005, RBX=0x0000000000000004, RCX=0x0000000000024e80, RDX=0x0000000029c4ead0
RSP=0x0000000029c4eaf0, RBP=0x00000000ffffffff, RSI=0x0000000000000006, RDI=0x0000000000000005
R8 =0x0000000790a33090, R9 =0x0000000790a304a8, R10=0x00000000272caf7c, R11=0x00000000272caf7c
R12=0x0000000000000000, R13=0x0000000000000005, R14=0x0000000029c4ead0, R15=0x0000000026bdb800
RIP=0x0000000002bec33b, EFLAGS=0x0000000000010202

Top of Stack: (sp=0x0000000029c4eaf0)
0x0000000029c4eaf0:   0000000029c4ebb0 000000000357309c
0x0000000029c4eb00:   0000000029c4f718 000000001bea6540
0x0000000029c4eb10:   000000670000ef80 000000076c1170f8
0x0000000029c4eb20:   000001df00000067 0000000790a30490
0x0000000029c4eb30:   00000007c00fdff0 0000000790a304a8
0x0000000029c4eb40:   0000007f00000080 0000000000000080
0x0000000029c4eb50:   000000070000efe7 0000049d0000049c
0x0000000029c4eb60:   0000049d0000049c 000001dd00000000
0x0000000029c4eb70:   00000007c000da58 7ff8000000000000
0x0000000029c4eb80:   00000006ed822e1f 00000006c3509300
0x0000000029c4eb90:   0000000700000006 0003be0000000023
0x0000000029c4eba0:   000000076c118750 000000076c118750
0x0000000029c4ebb0:   0000001029c4ee40 000000076c118750
0x0000000029c4ebc0:   000000070000023e 00000007859ba8b8
0x0000000029c4ebd0:   0000000700000010 00000007859ba7f8
0x0000000029c4ebe0:   00000007859ba858 00000007859ba690 

Instructions: (pc=0x0000000002bec33b)
0x0000000002bec31b:   1a 17 00 00 44 3b d1 0f 8d c1 17 00 00 4d 8b 50
0x0000000002bec32b:   10 4c 63 5c 24 60 49 c1 e3 02 4d 03 da 4d 8b d3
0x0000000002bec33b:   c4 c1 7a 5a 02 e9 a9 f4 ff ff 48 8b 54 24 48 90
0x0000000002bec34b:   e8 50 9e e9 ff 48 85 c0 0f 84 70 15 00 00 48 8b 


Register to memory mapping:

RAX=0x0000000000000005 is an unknown value
RBX=0x0000000000000004 is an unknown value
RCX=0x0000000000024e80 is an unknown value
RDX=0x0000000029c4ead0 is pointing into the stack for thread: 0x0000000026bdb800
RSP=0x0000000029c4eaf0 is pointing into the stack for thread: 0x0000000026bdb800
RBP=0x00000000ffffffff is an unknown value
RSI=0x0000000000000006 is an unknown value
RDI=0x0000000000000005 is an unknown value
R8 =0x0000000790a33090 is an oop
java.nio.DirectFloatBufferU 
 - klass: 'java/nio/DirectFloatBufferU'
R9 =0x0000000790a304a8 is an oop
org.bytedeco.javacpp.opencv_core$CvMat 
 - klass: 'org/bytedeco/javacpp/opencv_core$CvMat'
R10=0x00000000272caf7c is an unknown value
R11=0x00000000272caf7c is an unknown value
R12=0x0000000000000000 is an unknown value
R13=0x0000000000000005 is an unknown value
R14=0x0000000029c4ead0 is pointing into the stack for thread: 0x0000000026bdb800
R15=0x0000000026bdb800 is a thread


Stack: [0x0000000029b50000,0x0000000029c50000],  sp=0x0000000029c4eaf0,  free space=1018k
Native frames: (J=compiled Java code, j=interpreted, Vv=VM code, C=native code)
C  0x0000000002bec33b


---------------  P R O C E S S  ---------------

Java Threads: ( => current thread )
=>0x0000000026bdb800 JavaThread "Executor task launch worker-1" daemon [_thread_in_Java, id=1276, stack(0x0000000029b50000,0x0000000029c50000)]
  0x0000000026be0800 JavaThread "Executor task launch worker-0" daemon [_thread_in_native, id=13784, stack(0x0000000029a50000,0x0000000029b50000)]
  0x0000000026bd9000 JavaThread "SparkListenerBus" daemon [_thread_blocked, id=10420, stack(0x0000000029460000,0x0000000029560000)]
  0x0000000026be0000 JavaThread "context-cleaner-periodic-gc" daemon [_thread_blocked, id=12276, stack(0x0000000029360000,0x0000000029460000)]
  0x0000000026bdd000 JavaThread "Spark Context Cleaner" daemon [_thread_blocked, id=7740, stack(0x0000000029260000,0x0000000029360000)]
  0x0000000026bd8800 JavaThread "shuffle-server-0" daemon [_thread_in_native, id=6188, stack(0x0000000027b90000,0x0000000027c90000)]
  0x0000000021698800 JavaThread "driver-heartbeater" daemon [_thread_blocked, id=12576, stack(0x0000000026ac0000,0x0000000026bc0000)]
  0x0000000021697800 JavaThread "dag-scheduler-event-loop" daemon [_thread_blocked, id=6632, stack(0x00000000269c0000,0x0000000026ac0000)]
  0x0000000021697000 JavaThread "netty-rpc-env-timeout" daemon [_thread_blocked, id=2616, stack(0x00000000268c0000,0x00000000269c0000)]
  0x0000000021696000 JavaThread "Timer-0" daemon [_thread_blocked, id=1312, stack(0x00000000267c0000,0x00000000268c0000)]
  0x000000002168e800 JavaThread "heartbeat-receiver-event-loop-thread" daemon [_thread_blocked, id=11480, stack(0x00000000266c0000,0x00000000267c0000)]
  0x0000000021695800 JavaThread "qtp1908781622-66" daemon [_thread_blocked, id=7928, stack(0x00000000255f0000,0x00000000256f0000)]
  0x000000002168e000 JavaThread "qtp1908781622-65" daemon [_thread_blocked, id=10660, stack(0x00000000254f0000,0x00000000255f0000)]
  0x0000000021694800 JavaThread "qtp1908781622-64" daemon [_thread_blocked, id=8784, stack(0x00000000253f0000,0x00000000254f0000)]
  0x000000002168d000 JavaThread "qtp1908781622-63" daemon [_thread_blocked, id=8352, stack(0x00000000252f0000,0x00000000253f0000)]
  0x0000000021694000 JavaThread "qtp1908781622-62 Acceptor1 SelectChannelConnector@0.0.0.0:4040" daemon [_thread_blocked, id=12516, stack(0x00000000251f0000,0x00000000252f0000)]
  0x000000002168c800 JavaThread "qtp1908781622-61 Selector1" daemon [_thread_in_native, id=12392, stack(0x00000000250f0000,0x00000000251f0000)]
  0x0000000021691000 JavaThread "qtp1908781622-60 Acceptor0 SelectChannelConnector@0.0.0.0:4040" daemon [_thread_in_native, id=10968, stack(0x0000000024ff0000,0x00000000250f0000)]
  0x0000000021690000 JavaThread "qtp1908781622-59 Selector0" daemon [_thread_in_native, id=10352, stack(0x0000000024ef0000,0x0000000024ff0000)]
  0x000000002168f800 JavaThread "refresh progress" daemon [_thread_blocked, id=3800, stack(0x0000000024bf0000,0x0000000024cf0000)]
  0x0000000021691800 JavaThread "SPARK_CONTEXT cleanup timer" daemon [_thread_blocked, id=7200, stack(0x0000000024af0000,0x0000000024bf0000)]
  0x0000000021693000 JavaThread "BROADCAST_VARS cleanup timer" daemon [_thread_blocked, id=13364, stack(0x00000000249f0000,0x0000000024af0000)]
  0x0000000021692800 JavaThread "BLOCK_MANAGER cleanup timer" daemon [_thread_blocked, id=6828, stack(0x00000000248f0000,0x00000000249f0000)]
  0x0000000021689800 JavaThread "MAP_OUTPUT_TRACKER cleanup timer" daemon [_thread_blocked, id=5260, stack(0x00000000245f0000,0x00000000246f0000)]
  0x000000002168b800 JavaThread "New I/O server boss #6" daemon [_thread_in_native, id=12176, stack(0x00000000244f0000,0x00000000245f0000)]
  0x000000002168b000 JavaThread "New I/O worker #5" daemon [_thread_in_native, id=5284, stack(0x00000000243f0000,0x00000000244f0000)]
  0x000000002168a000 JavaThread "New I/O worker #4" daemon [_thread_in_native, id=3704, stack(0x00000000242f0000,0x00000000243f0000)]
  0x000000001f105000 JavaThread "New I/O boss #3" daemon [_thread_in_native, id=240, stack(0x00000000241f0000,0x00000000242f0000)]
  0x000000001f101000 JavaThread "New I/O worker #2" daemon [_thread_in_native, id=2484, stack(0x00000000240f0000,0x00000000241f0000)]
  0x000000001f104800 JavaThread "New I/O worker #1" daemon [_thread_in_native, id=4260, stack(0x0000000023ff0000,0x00000000240f0000)]
  0x000000001f0ff800 JavaThread "sparkDriverActorSystem-akka.remote.default-remote-dispatcher-6" daemon [_thread_blocked, id=560, stack(0x0000000023cf0000,0x0000000023df0000)]
  0x000000001f100800 JavaThread "sparkDriverActorSystem-akka.remote.default-remote-dispatcher-5" daemon [_thread_blocked, id=7044, stack(0x0000000023ab0000,0x0000000023bb0000)]
  0x000000001f103800 JavaThread "sparkDriverActorSystem-akka.actor.default-dispatcher-4" daemon [_thread_blocked, id=4472, stack(0x0000000023880000,0x0000000023980000)]
  0x000000001f106800 JavaThread "sparkDriverActorSystem-akka.actor.default-dispatcher-3" daemon [_thread_blocked, id=13032, stack(0x0000000023780000,0x0000000023880000)]
  0x000000001f106000 JavaThread "sparkDriverActorSystem-akka.actor.default-dispatcher-2" daemon [_thread_blocked, id=4980, stack(0x0000000023680000,0x0000000023780000)]
  0x000000001f102800 JavaThread "sparkDriverActorSystem-scheduler-1" daemon [_thread_blocked, id=8516, stack(0x0000000023460000,0x0000000023560000)]
  0x000000001f102000 JavaThread "shuffle-server-0" daemon [_thread_in_native, id=14060, stack(0x0000000023160000,0x0000000023260000)]
  0x0000000020560800 JavaThread "dispatcher-event-loop-7" daemon [_thread_blocked, id=12376, stack(0x0000000022d60000,0x0000000022e60000)]
  0x0000000020560000 JavaThread "dispatcher-event-loop-6" daemon [_thread_blocked, id=12864, stack(0x0000000022b60000,0x0000000022c60000)]
  0x000000002055d800 JavaThread "dispatcher-event-loop-5" daemon [_thread_blocked, id=13880, stack(0x0000000022a60000,0x0000000022b60000)]
  0x00000000206d6000 JavaThread "dispatcher-event-loop-4" daemon [_thread_blocked, id=14104, stack(0x0000000022960000,0x0000000022a60000)]
  0x00000000206d5800 JavaThread "dispatcher-event-loop-3" daemon [_thread_blocked, id=9784, stack(0x0000000022860000,0x0000000022960000)]
  0x00000000206d5000 JavaThread "dispatcher-event-loop-2" daemon [_thread_blocked, id=4992, stack(0x0000000022760000,0x0000000022860000)]
  0x00000000206d4000 JavaThread "dispatcher-event-loop-1" daemon [_thread_blocked, id=1680, stack(0x0000000022660000,0x0000000022760000)]
  0x000000002045c000 JavaThread "dispatcher-event-loop-0" daemon [_thread_blocked, id=4964, stack(0x0000000022560000,0x0000000022660000)]
  0x000000001fc9d000 JavaThread "Monitor Ctrl-Break" daemon [_thread_in_native, id=11796, stack(0x0000000020850000,0x0000000020950000)]
  0x000000001e2fd000 JavaThread "Service Thread" daemon [_thread_blocked, id=5004, stack(0x000000001ee40000,0x000000001ef40000)]
  0x000000001e2f1000 JavaThread "C1 CompilerThread3" daemon [_thread_blocked, id=13016, stack(0x000000001ed40000,0x000000001ee40000)]
  0x000000001e2ed000 JavaThread "C2 CompilerThread2" daemon [_thread_blocked, id=12064, stack(0x000000001ec40000,0x000000001ed40000)]
  0x000000001e2e9000 JavaThread "C2 CompilerThread1" daemon [_thread_blocked, id=12444, stack(0x000000001eb40000,0x000000001ec40000)]
  0x000000001c39b800 JavaThread "C2 CompilerThread0" daemon [_thread_blocked, id=12676, stack(0x000000001ea40000,0x000000001eb40000)]
  0x000000001c39a000 JavaThread "Attach Listener" daemon [_thread_blocked, id=13920, stack(0x000000001e940000,0x000000001ea40000)]
  0x000000001e295000 JavaThread "Signal Dispatcher" daemon [_thread_blocked, id=6792, stack(0x000000001e840000,0x000000001e940000)]
  0x000000001e270800 JavaThread "Finalizer" daemon [_thread_blocked, id=4592, stack(0x000000001e650000,0x000000001e750000)]
  0x0000000002a3e000 JavaThread "Reference Handler" daemon [_thread_blocked, id=1348, stack(0x000000001e150000,0x000000001e250000)]
  0x0000000002948000 JavaThread "main" [_thread_blocked, id=6848, stack(0x00000000027a0000,0x00000000028a0000)]

Other Threads:
  0x000000001c389800 VMThread [stack: 0x000000001e050000,0x000000001e150000] [id=7300]
  0x000000001e444800 WatcherThread [stack: 0x000000001ef40000,0x000000001f040000] [id=3128]

VM state:not at safepoint (normal execution)

VM Mutex/Monitor currently owned by a thread: None

Heap:
 PSYoungGen      total 593408K, used 90894K [0x000000076bb80000, 0x0000000797400000, 0x00000007c0000000)
  eden space 512512K, 2% used [0x000000076bb80000,0x000000076ca79ab0,0x000000078b000000)
  from space 80896K, 93% used [0x0000000790a00000,0x00000007953c9e28,0x0000000795900000)
  to   space 92160K, 0% used [0x000000078b000000,0x000000078b000000,0x0000000790a00000)
 ParOldGen       total 160768K, used 86222K [0x00000006c3200000, 0x00000006ccf00000, 0x000000076bb80000)
  object space 160768K, 53% used [0x00000006c3200000,0x00000006c8633878,0x00000006ccf00000)
 Metaspace       used 44952K, capacity 45332K, committed 45696K, reserved 1089536K
  class space    used 6295K, capacity 6443K, committed 6528K, reserved 1048576K

Card table byte_map: [0x0000000011e00000,0x00000000125f0000] byte_map_base: 0x000000000e7e7000

Marking Bits: (ParMarkBitMap*) 0x000000006fb1b6d0
 Begin Bits: [0x0000000013340000, 0x0000000017278000)
 End Bits:   [0x0000000017278000, 0x000000001b1b0000)

Polling page: 0x0000000000760000

CodeCache: size=245760Kb used=13694Kb max_used=13697Kb free=232065Kb
 bounds [0x0000000002a40000, 0x00000000037c0000, 0x0000000011a40000]
 total_blobs=4892 nmethods=4165 adapters=638
 compilation: enabled

Compilation events (10 events):
Event: 42.167 Thread 0x000000001e2f1000 4683       3       akka.dispatch.AbstractNodeQueue$Node::<init> (10 bytes)
Event: 42.167 Thread 0x000000001e2f1000 nmethod 4683 0x00000000037b1250 code [0x00000000037b13a0, 0x00000000037b1570]
Event: 42.249 Thread 0x000000001e2f1000 4684       3       akka.dispatch.sysmsg.EarliestFirstSystemMessageList$::nonEmpty$extension (10 bytes)
Event: 42.249 Thread 0x000000001e2f1000 nmethod 4684 0x00000000037b0ed0 code [0x00000000037b1020, 0x00000000037b11d0]
Event: 42.281 Thread 0x000000001c39b800 4685       4       scala.collection.mutable.WrappedArray$ofRef::apply (7 bytes)
Event: 42.282 Thread 0x000000001c39b800 nmethod 4685 0x00000000033025d0 code [0x0000000003302700, 0x0000000003302798]
Event: 42.292 Thread 0x000000001e2f1000 4686       3       scala.collection.mutable.ArrayBuilder$ofInt::resize (15 bytes)
Event: 42.293 Thread 0x000000001e2f1000 nmethod 4686 0x00000000037b0710 code [0x00000000037b08a0, 0x00000000037b0d48]
Event: 42.745 Thread 0x000000001e2f1000 4687   !   3       org.jboss.netty.channel.socket.nio.SelectorUtil::select (55 bytes)
Event: 42.746 Thread 0x000000001e2f1000 nmethod 4687 0x00000000037b4490 code [0x00000000037b46c0, 0x00000000037b5298]

GC Heap History (10 events):
Event: 28.964 GC heap before
{Heap before GC invocations=20 (full 2):
 PSYoungGen      total 368128K, used 368118K [0x000000076bb80000, 0x0000000789b80000, 0x00000007c0000000)
  eden space 326656K, 100% used [0x000000076bb80000,0x000000077fa80000,0x000000077fa80000)
  from space 41472K, 99% used [0x000000077fa80000,0x00000007822fd938,0x0000000782300000)
  to   space 50688K, 0% used [0x0000000786a00000,0x0000000786a00000,0x0000000789b80000)
 ParOldGen       total 160768K, used 57475K [0x00000006c3200000, 0x00000006ccf00000, 0x000000076bb80000)
  object space 160768K, 35% used [0x00000006c3200000,0x00000006c6a20c00,0x00000006ccf00000)
 Metaspace       used 44866K, capacity 45268K, committed 45440K, reserved 1087488K
  class space    used 6295K, capacity 6443K, committed 6528K, reserved 1048576K
Event: 28.981 GC heap after
Heap after GC invocations=20 (full 2):
 PSYoungGen      total 436736K, used 40114K [0x000000076bb80000, 0x000000078a080000, 0x00000007c0000000)
  eden space 386048K, 0% used [0x000000076bb80000,0x000000076bb80000,0x0000000783480000)
  from space 50688K, 79% used [0x0000000786a00000,0x000000078912cae8,0x0000000789b80000)
  to   space 54784K, 0% used [0x0000000783480000,0x0000000783480000,0x0000000786a00000)
 ParOldGen       total 160768K, used 67939K [0x00000006c3200000, 0x00000006ccf00000, 0x000000076bb80000)
  object space 160768K, 42% used [0x00000006c3200000,0x00000006c7458c00,0x00000006ccf00000)
 Metaspace       used 44866K, capacity 45268K, committed 45440K, reserved 1087488K
  class space    used 6295K, capacity 6443K, committed 6528K, reserved 1048576K
}
Event: 32.127 GC heap before
{Heap before GC invocations=21 (full 2):
 PSYoungGen      total 436736K, used 426162K [0x000000076bb80000, 0x000000078a080000, 0x00000007c0000000)
  eden space 386048K, 100% used [0x000000076bb80000,0x0000000783480000,0x0000000783480000)
  from space 50688K, 79% used [0x0000000786a00000,0x000000078912cae8,0x0000000789b80000)
  to   space 54784K, 0% used [0x0000000783480000,0x0000000783480000,0x0000000786a00000)
 ParOldGen       total 160768K, used 67939K [0x00000006c3200000, 0x00000006ccf00000, 0x000000076bb80000)
  object space 160768K, 42% used [0x00000006c3200000,0x00000006c7458c00,0x00000006ccf00000)
 Metaspace       used 44874K, capacity 45268K, committed 45440K, reserved 1087488K
  class space    used 6295K, capacity 6443K, committed 6528K, reserved 1048576K
Event: 32.142 GC heap after
Heap after GC invocations=21 (full 2):
 PSYoungGen      total 440832K, used 52639K [0x000000076bb80000, 0x000000078f200000, 0x00000007c0000000)
  eden space 386048K, 0% used [0x000000076bb80000,0x000000076bb80000,0x0000000783480000)
  from space 54784K, 96% used [0x0000000783480000,0x00000007867e7fb8,0x0000000786a00000)
  to   space 62464K, 0% used [0x000000078b500000,0x000000078b500000,0x000000078f200000)
 ParOldGen       total 160768K, used 67939K [0x00000006c3200000, 0x00000006ccf00000, 0x000000076bb80000)
  object space 160768K, 42% used [0x00000006c3200000,0x00000006c7458c00,0x00000006ccf00000)
 Metaspace       used 44874K, capacity 45268K, committed 45440K, reserved 1087488K
  class space    used 6295K, capacity 6443K, committed 6528K, reserved 1048576K
}
Event: 34.469 GC heap before
{Heap before GC invocations=22 (full 2):
 PSYoungGen      total 440832K, used 438687K [0x000000076bb80000, 0x000000078f200000, 0x00000007c0000000)
  eden space 386048K, 100% used [0x000000076bb80000,0x0000000783480000,0x0000000783480000)
  from space 54784K, 96% used [0x0000000783480000,0x00000007867e7fb8,0x0000000786a00000)
  to   space 62464K, 0% used [0x000000078b500000,0x000000078b500000,0x000000078f200000)
 ParOldGen       total 160768K, used 67939K [0x00000006c3200000, 0x00000006ccf00000, 0x000000076bb80000)
  object space 160768K, 42% used [0x00000006c3200000,0x00000006c7458c00,0x00000006ccf00000)
 Metaspace       used 44895K, capacity 45268K, committed 45440K, reserved 1087488K
  class space    used 6295K, capacity 6443K, committed 6528K, reserved 1048576K
Event: 34.489 GC heap after
Heap after GC invocations=22 (full 2):
 PSYoungGen      total 506880K, used 62452K [0x000000076bb80000, 0x0000000790b00000, 0x00000007c0000000)
  eden space 444416K, 0% used [0x000000076bb80000,0x000000076bb80000,0x0000000786d80000)
  from space 62464K, 99% used [0x000000078b500000,0x000000078f1fd2a8,0x000000078f200000)
  to   space 73216K, 0% used [0x0000000786d80000,0x0000000786d80000,0x000000078b500000)
 ParOldGen       total 160768K, used 70478K [0x00000006c3200000, 0x00000006ccf00000, 0x000000076bb80000)
  object space 160768K, 43% used [0x00000006c3200000,0x00000006c76d3878,0x00000006ccf00000)
 Metaspace       used 44895K, capacity 45268K, committed 45440K, reserved 1087488K
  class space    used 6295K, capacity 6443K, committed 6528K, reserved 1048576K
}
Event: 39.952 GC heap before
{Heap before GC invocations=23 (full 2):
 PSYoungGen      total 506880K, used 506868K [0x000000076bb80000, 0x0000000790b00000, 0x00000007c0000000)
  eden space 444416K, 100% used [0x000000076bb80000,0x0000000786d80000,0x0000000786d80000)
  from space 62464K, 99% used [0x000000078b500000,0x000000078f1fd2a8,0x000000078f200000)
  to   space 73216K, 0% used [0x0000000786d80000,0x0000000786d80000,0x000000078b500000)
 ParOldGen       total 160768K, used 70478K [0x00000006c3200000, 0x00000006ccf00000, 0x000000076bb80000)
  object space 160768K, 43% used [0x00000006c3200000,0x00000006c76d3878,0x00000006ccf00000)
 Metaspace       used 44945K, capacity 45332K, committed 45696K, reserved 1089536K
  class space    used 6295K, capacity 6443K, committed 6528K, reserved 1048576K
Event: 39.972 GC heap after
Heap after GC invocations=23 (full 2):
 PSYoungGen      total 517632K, used 62314K [0x000000076bb80000, 0x0000000795900000, 0x00000007c0000000)
  eden space 444416K, 0% used [0x000000076bb80000,0x000000076bb80000,0x0000000786d80000)
  from space 73216K, 85% used [0x0000000786d80000,0x000000078aa5aa00,0x000000078b500000)
  to   space 80896K, 0% used [0x0000000790a00000,0x0000000790a00000,0x0000000795900000)
 ParOldGen       total 160768K, used 86214K [0x00000006c3200000, 0x00000006ccf00000, 0x000000076bb80000)
  object space 160768K, 53% used [0x00000006c3200000,0x00000006c8631878,0x00000006ccf00000)
 Metaspace       used 44945K, capacity 45332K, committed 45696K, reserved 1089536K
  class space    used 6295K, capacity 6443K, committed 6528K, reserved 1048576K
}
Event: 42.831 GC heap before
{Heap before GC invocations=24 (full 2):
 PSYoungGen      total 517632K, used 506730K [0x000000076bb80000, 0x0000000795900000, 0x00000007c0000000)
  eden space 444416K, 100% used [0x000000076bb80000,0x0000000786d80000,0x0000000786d80000)
  from space 73216K, 85% used [0x0000000786d80000,0x000000078aa5aa00,0x000000078b500000)
  to   space 80896K, 0% used [0x0000000790a00000,0x0000000790a00000,0x0000000795900000)
 ParOldGen       total 160768K, used 86214K [0x00000006c3200000, 0x00000006ccf00000, 0x000000076bb80000)
  object space 160768K, 53% used [0x00000006c3200000,0x00000006c8631878,0x00000006ccf00000)
 Metaspace       used 44952K, capacity 45332K, committed 45696K, reserved 1089536K
  class space    used 6295K, capacity 6443K, committed 6528K, reserved 1048576K
Event: 42.856 GC heap after
Heap after GC invocations=24 (full 2):
 PSYoungGen      total 593408K, used 75559K [0x000000076bb80000, 0x0000000797400000, 0x00000007c0000000)
  eden space 512512K, 0% used [0x000000076bb80000,0x000000076bb80000,0x000000078b000000)
  from space 80896K, 93% used [0x0000000790a00000,0x00000007953c9e28,0x0000000795900000)
  to   space 92160K, 0% used [0x000000078b000000,0x000000078b000000,0x0000000790a00000)
 ParOldGen       total 160768K, used 86222K [0x00000006c3200000, 0x00000006ccf00000, 0x000000076bb80000)
  object space 160768K, 53% used [0x00000006c3200000,0x00000006c8633878,0x00000006ccf00000)
 Metaspace       used 44952K, capacity 45332K, committed 45696K, reserved 1089536K
  class space    used 6295K, capacity 6443K, committed 6528K, reserved 1048576K
}

Deoptimization events (10 events):
Event: 10.363 Thread 0x0000000026bdb800 Uncommon trap: reason=predicate action=maybe_recompile pc=0x0000000002c367c0 method=java.util.LinkedList.toArray([Ljava/lang/Object;)[Ljava/lang/Object; @ 45
Event: 10.367 Thread 0x0000000026bdb800 Uncommon trap: reason=null_check action=make_not_entrant pc=0x0000000002cb1c5c method=java.nio.charset.CoderResult$Cache.get(I)Ljava/nio/charset/CoderResult; @ 69
Event: 10.368 Thread 0x0000000026bdb800 Uncommon trap: reason=null_check action=make_not_entrant pc=0x0000000002cc1f3c method=java.nio.charset.CoderResult$Cache.get(I)Ljava/nio/charset/CoderResult; @ 69
Event: 10.368 Thread 0x0000000026bdb800 Uncommon trap: reason=null_check action=make_not_entrant pc=0x0000000002cd4de0 method=java.nio.charset.CoderResult$Cache.get(I)Ljava/nio/charset/CoderResult; @ 69
Event: 10.439 Thread 0x0000000026be0800 Uncommon trap: reason=array_check action=maybe_recompile pc=0x0000000002c5b250 method=java.util.LinkedList.toArray([Ljava/lang/Object;)[Ljava/lang/Object; @ 55
Event: 10.439 Thread 0x0000000026be0800 Uncommon trap: reason=array_check action=maybe_recompile pc=0x0000000002c5b250 method=java.util.LinkedList.toArray([Ljava/lang/Object;)[Ljava/lang/Object; @ 55
Event: 10.439 Thread 0x0000000026be0800 Uncommon trap: reason=array_check action=maybe_recompile pc=0x0000000002c5b250 method=java.util.LinkedList.toArray([Ljava/lang/Object;)[Ljava/lang/Object; @ 55
Event: 10.439 Thread 0x0000000026be0800 Uncommon trap: reason=array_check action=maybe_recompile pc=0x0000000002c5b250 method=java.util.LinkedList.toArray([Ljava/lang/Object;)[Ljava/lang/Object; @ 55
Event: 17.475 Thread 0x0000000026bdb800 Uncommon trap: reason=unstable_if action=reinterpret pc=0x00000000030a429c method=java.util.WeakHashMap.remove(Ljava/lang/Object;)Ljava/lang/Object; @ 94
Event: 19.159 Thread 0x0000000026bdb800 Uncommon trap: reason=unstable_if action=reinterpret pc=0x00000000034459a8 method=sun.nio.cs.UTF_8$Decoder.decodeArrayLoop(Ljava/nio/ByteBuffer;Ljava/nio/CharBuffer;)Ljava/nio/charset/CoderResult; @ 447

Internal exceptions (10 events):
Event: 8.118 Thread 0x0000000020560000 Exception <a 'java/lang/NoSuchMethodError': <clinit>> (0x00000007707e05d8) thrown at [C:\re\workspace\8-2-build-windows-amd64-cygwin\jdk8u121\8372\hotspot\src\share\vm\prims\jni.cpp, line 1613]
Event: 8.121 Thread 0x0000000020560000 Exception <a 'java/lang/NoSuchMethodError': <clinit>> (0x000000077080ec48) thrown at [C:\re\workspace\8-2-build-windows-amd64-cygwin\jdk8u121\8372\hotspot\src\share\vm\prims\jni.cpp, line 1613]
Event: 8.121 Thread 0x0000000020560000 Exception <a 'java/lang/NoSuchMethodError': <clinit>> (0x00000007708163b8) thrown at [C:\re\workspace\8-2-build-windows-amd64-cygwin\jdk8u121\8372\hotspot\src\share\vm\prims\jni.cpp, line 1613]
Event: 10.367 Thread 0x0000000026bdb800 Implicit null exception at 0x0000000002cad413 to 0x0000000002cb1c39
Event: 10.368 Thread 0x0000000026bdb800 Implicit null exception at 0x0000000002cc1b23 to 0x0000000002cc1f2d
Event: 10.368 Thread 0x0000000026bdb800 Implicit null exception at 0x0000000002cd49d7 to 0x0000000002cd4dd1
Event: 18.874 Thread 0x0000000021698800 Exception <a 'java/lang/NoSuchMethodError': <clinit>> (0x00000007714a3b68) thrown at [C:\re\workspace\8-2-build-windows-amd64-cygwin\jdk8u121\8372\hotspot\src\share\vm\prims\jni.cpp, line 1613]
Event: 18.875 Thread 0x0000000021698800 Exception <a 'java/lang/NoSuchMethodError': <clinit>> (0x00000007714c2118) thrown at [C:\re\workspace\8-2-build-windows-amd64-cygwin\jdk8u121\8372\hotspot\src\share\vm\prims\jni.cpp, line 1613]
Event: 18.876 Thread 0x0000000021698800 Exception <a 'java/lang/NoSuchMethodError': <clinit>> (0x00000007714d2ce8) thrown at [C:\re\workspace\8-2-build-windows-amd64-cygwin\jdk8u121\8372\hotspot\src\share\vm\prims\jni.cpp, line 1613]
Event: 18.878 Thread 0x0000000021698800 Exception <a 'java/lang/NoSuchMethodError': <clinit>> (0x00000007718c2958) thrown at [C:\re\workspace\8-2-build-windows-amd64-cygwin\jdk8u121\8372\hotspot\src\share\vm\prims\jni.cpp, line 1613]

Events (10 events):
Event: 34.575 Thread 0x000000001e2f1000 flushing nmethod 0x000000000334bdd0
Event: 34.575 Thread 0x000000001e2f1000 flushing nmethod 0x000000000334fe50
Event: 34.635 Thread 0x000000001e2f1000 flushing nmethod 0x00000000033c8e10
Event: 34.635 Thread 0x000000001e2f1000 flushing nmethod 0x00000000033f29d0
Event: 38.217 loading class java/lang/Class$EnclosingMethodInfo
Event: 38.217 loading class java/lang/Class$EnclosingMethodInfo done
Event: 39.952 Executing VM operation: ParallelGCFailedAllocation
Event: 39.972 Executing VM operation: ParallelGCFailedAllocation done
Event: 42.830 Executing VM operation: ParallelGCFailedAllocation
Event: 42.856 Executing VM operation: ParallelGCFailedAllocation done


Dynamic libraries:
0x00007ff76eee0000 - 0x00007ff76ef17000 	C:\Program Files (x86)\Java\JDK\bin\java.exe
0x00007ffbad4f0000 - 0x00007ffbad6c1000 	C:\WINDOWS\SYSTEM32\ntdll.dll
0x00007ffbacfd0000 - 0x00007ffbad07b000 	C:\WINDOWS\System32\KERNEL32.DLL
0x00007ffbaa690000 - 0x00007ffbaa8ad000 	C:\WINDOWS\System32\KERNELBASE.dll
0x00007ffbab360000 - 0x00007ffbab402000 	C:\WINDOWS\System32\ADVAPI32.dll
0x00007ffbacf00000 - 0x00007ffbacf9e000 	C:\WINDOWS\System32\msvcrt.dll
0x00007ffbaaa90000 - 0x00007ffbaaae9000 	C:\WINDOWS\System32\sechost.dll
0x00007ffbab230000 - 0x00007ffbab351000 	C:\WINDOWS\System32\RPCRT4.dll
0x00007ffbaaf60000 - 0x00007ffbab0c5000 	C:\WINDOWS\System32\USER32.dll
0x00007ffba99e0000 - 0x00007ffba99fe000 	C:\WINDOWS\System32\win32u.dll
0x00007ffbaaaf0000 - 0x00007ffbaab24000 	C:\WINDOWS\System32\GDI32.dll
0x00007ffba9b70000 - 0x00007ffba9cf2000 	C:\WINDOWS\System32\gdi32full.dll
0x00007ffb98f20000 - 0x00007ffb9919a000 	C:\WINDOWS\WinSxS\amd64_microsoft.windows.common-controls_6595b64144ccf1df_6.0.14393.953_none_42151e83c686086b\COMCTL32.dll
0x00007ffbad1e0000 - 0x00007ffbad4a8000 	C:\WINDOWS\System32\combase.dll
0x00007ffba9d00000 - 0x00007ffba9df5000 	C:\WINDOWS\System32\ucrtbase.dll
0x00007ffba9a50000 - 0x00007ffba9aba000 	C:\WINDOWS\System32\bcryptPrimitives.dll
0x00007ffbacfa0000 - 0x00007ffbacfce000 	C:\WINDOWS\System32\IMM32.DLL
0x000000006f080000 - 0x000000006f152000 	C:\Program Files (x86)\Java\JDK\jre\bin\msvcr100.dll
0x000000006f300000 - 0x000000006fb9b000 	C:\Program Files (x86)\Java\JDK\jre\bin\server\jvm.dll
0x00007ffbad4b0000 - 0x00007ffbad4b8000 	C:\WINDOWS\System32\PSAPI.DLL
0x00007ffb99280000 - 0x00007ffb99289000 	C:\WINDOWS\SYSTEM32\WSOCK32.dll
0x00007ffba7810000 - 0x00007ffba7833000 	C:\WINDOWS\SYSTEM32\WINMM.dll
0x00007ffb9d650000 - 0x00007ffb9d65a000 	C:\WINDOWS\SYSTEM32\VERSION.dll
0x00007ffbac9c0000 - 0x00007ffbaca2a000 	C:\WINDOWS\System32\WS2_32.dll
0x0000000000cf0000 - 0x0000000000d1b000 	C:\WINDOWS\SYSTEM32\WINMMBASE.dll
0x00007ffba9a00000 - 0x00007ffba9a42000 	C:\WINDOWS\System32\cfgmgr32.dll
0x0000000071100000 - 0x000000007110f000 	C:\Program Files (x86)\Java\JDK\jre\bin\verify.dll
0x00000000710d0000 - 0x00000000710f9000 	C:\Program Files (x86)\Java\JDK\jre\bin\java.dll
0x00000000710b0000 - 0x00000000710c6000 	C:\Program Files (x86)\Java\JDK\jre\bin\zip.dll
0x00007ffbab4b0000 - 0x00007ffbac9b9000 	C:\WINDOWS\System32\SHELL32.dll
0x00007ffba9f50000 - 0x00007ffbaa62a000 	C:\WINDOWS\System32\windows.storage.dll
0x00007ffba9990000 - 0x00007ffba99dc000 	C:\WINDOWS\System32\powrprof.dll
0x00007ffbacea0000 - 0x00007ffbacef2000 	C:\WINDOWS\System32\shlwapi.dll
0x00007ffba9970000 - 0x00007ffba997f000 	C:\WINDOWS\System32\kernel.appcore.dll
0x00007ffba9ac0000 - 0x00007ffba9b69000 	C:\WINDOWS\System32\shcore.dll
0x00007ffba9950000 - 0x00007ffba9964000 	C:\WINDOWS\System32\profapi.dll
0x00007ffba5c30000 - 0x00007ffba5c40000 	E:\Softwares\IntelliJ IDEA 2016.3.3\bin\breakgen64.dll
0x000000006f2e0000 - 0x000000006f2fa000 	C:\Program Files (x86)\Java\JDK\jre\bin\net.dll
0x00007ffba9220000 - 0x00007ffba927c000 	C:\WINDOWS\system32\mswsock.dll
0x00007ffba93d0000 - 0x00007ffba93e7000 	C:\WINDOWS\SYSTEM32\CRYPTSP.dll
0x00007ffba8e20000 - 0x00007ffba8e53000 	C:\WINDOWS\system32\rsaenh.dll
0x00007ffba9890000 - 0x00007ffba98bb000 	C:\WINDOWS\SYSTEM32\bcrypt.dll
0x00007ffba90a0000 - 0x00007ffba90bf000 	C:\WINDOWS\SYSTEM32\USERENV.dll
0x00007ffba93c0000 - 0x00007ffba93cb000 	C:\WINDOWS\SYSTEM32\CRYPTBASE.dll
0x00007ffba8fa0000 - 0x00007ffba8fd8000 	C:\WINDOWS\SYSTEM32\IPHLPAPI.DLL
0x00007ffbaaa80000 - 0x00007ffbaaa88000 	C:\WINDOWS\System32\NSI.dll
0x00007ffba4f40000 - 0x00007ffba4f56000 	C:\WINDOWS\SYSTEM32\dhcpcsvc6.DLL
0x00007ffba4f20000 - 0x00007ffba4f3a000 	C:\WINDOWS\SYSTEM32\dhcpcsvc.DLL
0x000000006f2c0000 - 0x000000006f2d1000 	C:\Program Files (x86)\Java\JDK\jre\bin\nio.dll
0x000000006f2b0000 - 0x000000006f2bd000 	C:\Program Files (x86)\Java\JDK\jre\bin\management.dll
0x000000006f070000 - 0x000000006f079000 	C:\Program Files (x86)\Java\JDK\jre\bin\w2k_lsa_auth.dll
0x00007ffb9f1a0000 - 0x00007ffb9f1ac000 	C:\WINDOWS\SYSTEM32\Secur32.dll
0x00007ffba95c0000 - 0x00007ffba95ec000 	C:\WINDOWS\SYSTEM32\SSPICLI.DLL
0x000000006f060000 - 0x000000006f069000 	C:\Program Files (x86)\Java\JDK\jre\bin\jaas_nt.dll
0x00007ffb96720000 - 0x00007ffb96736000 	C:\WINDOWS\system32\napinsp.dll
0x00007ffb96740000 - 0x00007ffb9675a000 	C:\WINDOWS\system32\pnrpnsp.dll
0x00007ffba5a20000 - 0x00007ffba5a38000 	C:\WINDOWS\system32\NLAapi.dll
0x00007ffba8fe0000 - 0x00007ffba9081000 	C:\WINDOWS\SYSTEM32\DNSAPI.dll
0x00007ffb96760000 - 0x00007ffb9676e000 	C:\WINDOWS\System32\winrnr.dll
0x00007ffb96790000 - 0x00007ffb967a5000 	C:\WINDOWS\System32\wshbth.dll
0x00007ffba0cf0000 - 0x00007ffba0cfa000 	C:\Windows\System32\rasadhlp.dll
0x00007ffba10a0000 - 0x00007ffba110a000 	C:\WINDOWS\System32\fwpuclnt.dll
0x000000006f1a0000 - 0x000000006f1c4000 	C:\Program Files (x86)\Java\JDK\jre\bin\sunec.dll
0x00007ffba4f90000 - 0x00007ffba4f9b000 	C:\WINDOWS\SYSTEM32\WINNSI.DLL
0x0000000070280000 - 0x00000000702a9000 	C:\Users\wangc\AppData\Local\Temp\snappy-1.1.2-477b91ee-1a22-4297-9c97-a825ceed59c2-snappyjava.dll
0x000000006ef80000 - 0x000000006f051000 	C:\Users\wangc\AppData\Local\Temp\javacpp362996166623604\msvcr100.dll
0x000000006eee0000 - 0x000000006ef78000 	C:\Users\wangc\AppData\Local\Temp\javacpp362996166623604\msvcp100.dll
0x00007ffb82ec0000 - 0x00007ffb83140000 	C:\Users\wangc\AppData\Local\Temp\javacpp362996166623604\opencv_core2411.dll
0x00007ffb85cb0000 - 0x00007ffb85ea2000 	C:\Users\wangc\AppData\Local\Temp\javacpp362996166623604\jniopencv_core.dll
0x00007ffb82bf0000 - 0x00007ffb82eb1000 	C:\Users\wangc\AppData\Local\Temp\javacpp362996166623604\opencv_imgproc2411.dll
0x00007ffba0210000 - 0x00007ffba02b8000 	C:\Users\wangc\AppData\Local\Temp\javacpp362996166623604\jniopencv_imgproc.dll
0x0000000066840000 - 0x00000000676b4000 	C:\Users\wangc\AppData\Local\Temp\javacpp362996166623604\opencv_ffmpeg2411_64.dll
0x00007ffb829a0000 - 0x00007ffb82bee000 	C:\Users\wangc\AppData\Local\Temp\javacpp362996166623604\opencv_highgui2411.dll
0x00007ffbacaa0000 - 0x00007ffbacbd7000 	C:\WINDOWS\System32\ole32.dll
0x00007ffbacde0000 - 0x00007ffbace9f000 	C:\WINDOWS\System32\OLEAUT32.dll
0x00007ffba9eb0000 - 0x00007ffba9f4c000 	C:\WINDOWS\System32\msvcp_win.dll
0x00007ffba38a0000 - 0x00007ffba38c9000 	C:\WINDOWS\SYSTEM32\MSVFW32.dll
0x00007ffba5420000 - 0x00007ffba5440000 	C:\WINDOWS\SYSTEM32\AVIFIL32.dll
0x00007ffba3880000 - 0x00007ffba3898000 	C:\WINDOWS\SYSTEM32\AVICAP32.dll
0x00007ffba2c30000 - 0x00007ffba2c4c000 	C:\WINDOWS\SYSTEM32\MSACM32.dll
0x00007ffb98d80000 - 0x00007ffb98dd1000 	C:\Users\wangc\AppData\Local\Temp\javacpp362996166623604\jniopencv_highgui.dll
0x00007ffb93270000 - 0x00007ffb93308000 	C:\Users\wangc\AppData\Local\Temp\javacpp362996166623604\opencv_flann2411.dll
0x00007ffba35e0000 - 0x00007ffba35fc000 	C:\Users\wangc\AppData\Local\Temp\javacpp362996166623604\jniopencv_flann.dll
0x00007ffb8fd20000 - 0x00007ffb8fdfa000 	C:\Users\wangc\AppData\Local\Temp\javacpp362996166623604\opencv_features2d2411.dll
0x00007ffb96230000 - 0x00007ffb96295000 	C:\Users\wangc\AppData\Local\Temp\javacpp362996166623604\jniopencv_features2d.dll
0x00007ffb850b0000 - 0x00007ffb851e5000 	C:\Users\wangc\AppData\Local\Temp\javacpp362996166623604\opencv_calib3d2411.dll
0x00007ffba2d70000 - 0x00007ffba2dbb000 	C:\Users\wangc\AppData\Local\Temp\javacpp362996166623604\jniopencv_calib3d.dll
0x00007ffb8f8a0000 - 0x00007ffb8f96b000 	C:\Users\wangc\AppData\Local\Temp\javacpp362996166623604\opencv_objdetect2411.dll
0x00007ffb90d80000 - 0x00007ffb90ded000 	C:\Users\wangc\AppData\Local\Temp\javacpp362996166623604\jniopencv_objdetect.dll
0x00007ffba01d0000 - 0x00007ffba020f000 	C:\Users\wangc\AppData\Local\Temp\javacpp362996166623604\opencv_photo2411.dll
0x00007ffba5620000 - 0x00007ffba562d000 	C:\Users\wangc\AppData\Local\Temp\javacpp362996166623604\jniopencv_photo.dll
0x00007ffb86ca0000 - 0x00007ffb86d36000 	C:\Users\wangc\AppData\Local\Temp\javacpp362996166623604\opencv_ml2411.dll
0x00007ffb86b50000 - 0x00007ffb86bee000 	C:\Users\wangc\AppData\Local\Temp\javacpp362996166623604\jniopencv_ml.dll
0x00007ffb8fca0000 - 0x00007ffb8fd13000 	C:\Users\wangc\AppData\Local\Temp\javacpp362996166623604\opencv_video2411.dll
0x00007ffba0470000 - 0x00007ffba0498000 	C:\Users\wangc\AppData\Local\Temp\javacpp362996166623604\jniopencv_video.dll
0x00007ffb82650000 - 0x00007ffb827c0000 	C:\Users\wangc\AppData\Local\Temp\javacpp362996166623604\opencv_legacy2411.dll
0x00007ffb81790000 - 0x00007ffb8190a000 	C:\Users\wangc\AppData\Local\Temp\javacpp362996166623604\jniopencv_legacy.dll
0x00007ffb866d0000 - 0x00007ffb8674d000 	C:\Users\wangc\AppData\Local\Temp\javacpp362996166623604\opencv_gpu2411.dll
0x00007ffb80140000 - 0x00007ffb80435000 	C:\Users\wangc\AppData\Local\Temp\javacpp362996166623604\opencv_ocl2411.dll
0x00007ffb86550000 - 0x00007ffb865f6000 	C:\Users\wangc\AppData\Local\Temp\javacpp362996166623604\opencv_nonfree2411.dll
0x00007ffba2c80000 - 0x00007ffba2c91000 	C:\Users\wangc\AppData\Local\Temp\javacpp362996166623604\jniopencv_nonfree.dll
0x00007ffba4fe0000 - 0x00007ffba5172000 	C:\WINDOWS\SYSTEM32\dbghelp.dll

VM Arguments:
jvm_args: -Didea.launcher.port=7535 -Didea.launcher.bin.path=E:\Softwares\IntelliJ IDEA 2016.3.3\bin -Dfile.encoding=UTF-8 
java_command: com.intellij.rt.execution.application.AppMain IPApp
java_class_path (initial): C:\Program Files (x86)\Java\JDK\jre\lib\charsets.jar;C:\Program Files (x86)\Java\JDK\jre\lib\deploy.jar;C:\Program Files (x86)\Java\JDK\jre\lib\ext\access-bridge-64.jar;C:\Program Files (x86)\Java\JDK\jre\lib\ext\cldrdata.jar;C:\Program Files (x86)\Java\JDK\jre\lib\ext\dnsns.jar;C:\Program Files (x86)\Java\JDK\jre\lib\ext\jaccess.jar;C:\Program Files (x86)\Java\JDK\jre\lib\ext\jfxrt.jar;C:\Program Files (x86)\Java\JDK\jre\lib\ext\localedata.jar;C:\Program Files (x86)\Java\JDK\jre\lib\ext\nashorn.jar;C:\Program Files (x86)\Java\JDK\jre\lib\ext\sunec.jar;C:\Program Files (x86)\Java\JDK\jre\lib\ext\sunjce_provider.jar;C:\Program Files (x86)\Java\JDK\jre\lib\ext\sunmscapi.jar;C:\Program Files (x86)\Java\JDK\jre\lib\ext\sunpkcs11.jar;C:\Program Files (x86)\Java\JDK\jre\lib\ext\zipfs.jar;C:\Program Files (x86)\Java\JDK\jre\lib\javaws.jar;C:\Program Files (x86)\Java\JDK\jre\lib\jce.jar;C:\Program Files (x86)\Java\JDK\jre\lib\jfr.jar;C:\Program Files (x86)\Java\JDK\jre\lib\jfxswt.jar;C:\Program Files (x86)\Java\JDK\jre\lib\jsse.jar;C:\Program Files (x86)\Java\JDK\jre\lib\management-agent.jar;C:\Program Files (x86)\Java\JDK\jre\lib\plugin.jar;C:\Program Files (x86)\Java\JDK\jre\lib\resources.jar;C:\Program Files (x86)\Java\JDK\jre\lib\rt.jar;C:\Users\wangc\Downloads\CS5542-Tutorial4-SourceCode\image_classification_Windows\target\scala-2.11\classes;C:\Users\wangc\.ivy2\cache\aopalliance\aopalliance\jars\aopalliance-1.0.jar;C:\Users\wangc\.ivy2\cache\asm\asm\jars\asm-3.1.jar;C:\Users\wangc\.ivy2\cache\com.clearspring.analytics\stream\jars\stream-2.7.0.jar;C:\Users\wangc\.ivy2\cache\com.esotericsoftware.kryo\kryo\bundles\kryo-2.21.jar;C:\Users\wangc\.ivy2\cache\com.esotericsoftware.minlog\minlog\jars\minlog-1.2.jar;C:\Users\wangc\.ivy2\cache\com.esotericsoftware.reflectasm\reflectasm\jars\reflectasm-1.07-shaded.jar;C:\Users\wangc\.ivy2\cache\com.fasterxml.jackson.core\jackson-annotations\bundles\jackson-annotations-2.4.4.jar;C:\Users\wangc\.ivy2\cac
Launcher Type: SUN_STANDARD

Environment Variables:
PATH=;C:\Users\wangc\AppData\Local\Programs\Python\Python35\;C:\Users\wangc\AppData\Local\Programs\Python\Python35\Scripts;C:\Program Files\Intel\WiFi\bin\;C:\Program Files\Common Files\Intel\WirelessCommon\;C:\Users\wangc\AppData\Local\Microsoft\WindowsApps;C:\Users\wangc\AppData\Roaming\npm
USERNAME=wangc
OS=Windows_NT
PROCESSOR_IDENTIFIER=Intel64 Family 6 Model 94 Stepping 3, GenuineIntel



---------------  S Y S T E M  ---------------

OS: Windows 10.0 , 64 bit Build 14393 (10.0.14393.0)

CPU:total 8 (4 cores per cpu, 2 threads per core) family 6 model 94 stepping 3, cmov, cx8, fxsr, mmx, sse, sse2, sse3, ssse3, sse4.1, sse4.2, popcnt, avx, avx2, aes, clmul, erms, rtm, 3dnowpref, lzcnt, ht, tsc, tscinvbit, bmi1, bmi2, adx

Memory: 4k page, physical 16567148k(10297672k free), swap 19057516k(11672108k free)

vm_info: Java HotSpot(TM) 64-Bit Server VM (25.121-b13) for windows-amd64 JRE (1.8.0_121-b13), built on Dec 12 2016 18:21:36 by "java_re" with MS VC++ 10.0 (VS2010)

time: Mon Mar 20 02:09:59 2017
elapsed time: 42 seconds (0d 0h 0m 42s)

